2021-04-29 16:38:33,328 - instabot version: 0.117.0 (bot) - INFO - Instabot version: 0.117.0 Started
2021-04-29 16:38:33,328 - instabot version: 0.117.0 (bot) - DEBUG - Bot imported from /home/aadesh/.local/lib/python3.6/site-packages/instabot/bot/bot.py
2021-04-29 16:38:33,329 - instabot version: 0.117.0 (api_login) - INFO - Not yet logged in starting: PRE-LOGIN FLOW!
2021-04-29 16:38:34,081 - instabot version: 0.117.0 (api) - DEBUG - POST to endpoint: accounts/get_prefill_candidates/ returned response: <Response [200]>
2021-04-29 16:38:34,720 - instabot version: 0.117.0 (api) - DEBUG - POST to endpoint: qe/sync/ returned response: <Response [200]>
2021-04-29 16:38:35,319 - instabot version: 0.117.0 (api) - DEBUG - POST to endpoint: launcher/sync/ returned response: <Response [200]>
2021-04-29 16:38:35,881 - instabot version: 0.117.0 (api) - DEBUG - POST to endpoint: accounts/contact_point_prefill/ returned response: <Response [200]>
2021-04-29 16:38:38,930 - instabot version: 0.117.0 (api) - DEBUG - POST to endpoint: accounts/login/ returned response: <Response [200]>
2021-04-29 16:38:38,931 - instabot version: 0.117.0 (api) - INFO - Logged-in successfully as 'tech_in_seconds'!
2021-04-29 16:38:38,931 - instabot version: 0.117.0 (api_login) - INFO - LOGIN FLOW! Just logged-in: True
2021-04-29 16:38:39,523 - instabot version: 0.117.0 (api) - DEBUG - POST to endpoint: qe/sync/ returned response: <Response [200]>
2021-04-29 16:38:40,015 - instabot version: 0.117.0 (api) - DEBUG - POST to endpoint: launcher/sync/ returned response: <Response [200]>
2021-04-29 16:38:40,541 - instabot version: 0.117.0 (api) - DEBUG - GET to endpoint: zr/token/result/?device_id=android-d8e387190fead7bc&token_hash=&custom_device_id=android-d8e387190fead7bc&fetch_reason=token_expired returned response: <Response [200]>
2021-04-29 16:38:41,096 - instabot version: 0.117.0 (api) - DEBUG - GET to endpoint: multiple_accounts/get_account_family/ returned response: <Response [200]>
2021-04-29 16:38:41,723 - instabot version: 0.117.0 (api) - DEBUG - POST to endpoint: qe/sync/ returned response: <Response [200]>
2021-04-29 16:38:43,066 - instabot version: 0.117.0 (api) - DEBUG - GET to endpoint: igtv/browse_feed/?prefetch=1 returned response: <Response [200]>
2021-04-29 16:38:43,586 - instabot version: 0.117.0 (api) - DEBUG - POST to endpoint: creatives/ar_class/ returned response: <Response [200]>
2021-04-29 16:38:45,599 - instabot version: 0.117.0 (api) - DEBUG - POST to endpoint: feed/reels_tray/ returned response: <Response [200]>
2021-04-29 16:38:47,436 - instabot version: 0.117.0 (api) - DEBUG - POST to endpoint: feed/timeline/ returned response: <Response [200]>
2021-04-29 16:38:48,039 - instabot version: 0.117.0 (api) - DEBUG - GET to endpoint: media/blocked/ returned response: <Response [200]>
2021-04-29 16:38:49,276 - instabot version: 0.117.0 (api) - DEBUG - GET to endpoint: news/inbox/ returned response: <Response [200]>
2021-04-29 16:38:49,921 - instabot version: 0.117.0 (api) - DEBUG - GET to endpoint: loom/fetch_config/ returned response: <Response [200]>
2021-04-29 16:38:54,109 - instabot version: 0.117.0 (api) - DEBUG - GET to endpoint: scores/bootstrap/users/?surfaces=["autocomplete_user_list","coefficient_besties_list_ranking","coefficient_rank_recipient_user_suggestion","coefficient_ios_section_test_bootstrap_ranking","coefficient_direct_recipients_ranking_variant_2"] returned response: <Response [200]>
2021-04-29 16:38:54,640 - instabot version: 0.117.0 (api) - DEBUG - GET to endpoint: business/eligibility/get_monetization_products_eligibility_data/?product_types=branded_content returned response: <Response [200]>
2021-04-29 16:38:55,180 - instabot version: 0.117.0 (api) - DEBUG - GET to endpoint: business/branded_content/should_require_professional_account/ returned response: <Response [200]>
2021-04-29 16:38:55,656 - instabot version: 0.117.0 (api) - DEBUG - GET to endpoint: linked_accounts/get_linkage_status/ returned response: <Response [200]>
2021-04-29 16:38:56,166 - instabot version: 0.117.0 (api) - DEBUG - GET to endpoint: locations/request_country/ returned response: <Response [200]>
2021-04-29 16:38:56,643 - instabot version: 0.117.0 (api) - DEBUG - GET to endpoint: qp/get_cooldowns/?signed_body=signed_body=4b9c516a5410a3bc128e09c6104a7f042146b9c2023870560c63a43a7f66781c.4&ig_sig_key_version=4&ig_sig_key_version=4 returned response: <Response [200]>
2021-04-29 16:38:57,149 - instabot version: 0.117.0 (api) - DEBUG - GET to endpoint: users/arlink_download_info/?version_override=2.2.1 returned response: <Response [200]>
2021-04-29 16:38:57,989 - instabot version: 0.117.0 (api) - DEBUG - GET to endpoint: users/3621008207/info/ returned response: <Response [200]>
2021-04-29 16:38:58,903 - instabot version: 0.117.0 (api) - DEBUG - GET to endpoint: direct_v2/get_presence/ returned response: <Response [200]>
2021-04-29 16:39:00,944 - instabot version: 0.117.0 (api) - DEBUG - GET to endpoint: direct_v2/inbox/?visual_message_return_type=unseen&thread_message_limit=10&persistentBadging=true&limit=20 returned response: <Response [200]>
2021-04-29 16:39:01,512 - instabot version: 0.117.0 (api) - DEBUG - GET to endpoint: direct_v2/inbox/?visual_message_return_type=unseen&persistentBadging=true&limit=0 returned response: <Response [200]>
2021-04-29 16:39:03,147 - instabot version: 0.117.0 (api) - DEBUG - GET to endpoint: discover/topical_explore/?is_prefetch=true&omit_cover_media=true&use_sectional_payload=true&timezone_offset=0&session_id=0205cd03-2efb-4e6f-b246-caa00e903704&include_fixed_destinations=true returned response: <Response [200]>
2021-04-29 16:39:03,616 - instabot version: 0.117.0 (api) - DEBUG - POST to endpoint: notifications/badge/ returned response: <Response [200]>
2021-04-29 16:39:04,334 - instabot version: 0.117.0 (api) - DEBUG - POST to endpoint: qp/batch_fetch/ returned response: <Response [200]>
2021-04-29 16:39:04,335 - instabot version: 0.117.0 (bot_checkpoint) - DEBUG - Loading Checkpoint file from: /home/aadesh/Videos/PycharmProjects/python automation/unfollow/config/tech_in_seconds.checkpoint
2021-04-29 16:39:04,336 - instabot version: 0.117.0 (bot_direct) - INFO - Going to send 60 messages.
2021-04-29 16:39:05,132 - instabot version: 0.117.0 (api) - DEBUG - GET to endpoint: users/elijahshaik/usernameinfo/ returned response: <Response [200]>
2021-04-29 16:39:06,800 - instabot version: 0.117.0 (api) - DEBUG - POST to endpoint: direct_v2/threads/broadcast/text/ returned response: <Response [200]>
2021-04-29 16:39:07,370 - instabot version: 0.117.0 (api) - DEBUG - GET to endpoint: users/alif82562/usernameinfo/ returned response: <Response [200]>
2021-04-29 16:46:23,762 - instabot version: 0.117.0 (api) - DEBUG - POST to endpoint: direct_v2/threads/broadcast/text/ returned response: <Response [200]>
2021-04-29 16:46:24,283 - instabot version: 0.117.0 (api) - DEBUG - GET to endpoint: users/___priyanka_04/usernameinfo/ returned response: <Response [200]>
2021-04-29 16:49:03,006 - instabot version: 0.117.0 (api) - DEBUG - POST to endpoint: direct_v2/threads/broadcast/text/ returned response: <Response [200]>
2021-04-29 16:49:03,762 - instabot version: 0.117.0 (api) - DEBUG - GET to endpoint: users/development_seeker/usernameinfo/ returned response: <Response [200]>
2021-04-29 16:55:33,865 - instabot version: 0.117.0 (api) - DEBUG - POST to endpoint: direct_v2/threads/broadcast/text/ returned response: <Response [200]>
2021-04-29 16:55:34,465 - instabot version: 0.117.0 (api) - DEBUG - GET to endpoint: users/tech_anuj/usernameinfo/ returned response: <Response [200]>
2021-04-29 17:00:43,779 - instabot version: 0.117.0 (api) - DEBUG - POST to endpoint: direct_v2/threads/broadcast/text/ returned response: <Response [200]>
2021-04-29 17:00:45,097 - instabot version: 0.117.0 (api) - DEBUG - GET to endpoint: users/indoranian/usernameinfo/ returned response: <Response [200]>
